[    0.000000] Initializing cgroup subsys cpuset
[    0.000000] Initializing cgroup subsys cpu
[    0.000000] Initializing cgroup subsys cpuacct
[    0.000000] Linux version 4.4.0-138-generic (buildd@lcy01-amd64-006) (gcc version 5.4.0 20160609 (Ubuntu 5.4.0-6ubuntu1~16.04.10) ) #164-Ubuntu SMP Tue Oct 2 17:16:02 UTC 2018 (Ubuntu 4.4.0-138.164-generic 4.4.155)
[    0.000000] Command line: BOOT_IMAGE=/boot/vmlinuz-4.4.0-138-generic root=LABEL=cloudimg-rootfs ro console=tty1 console=ttyS0
[    0.000000] KERNEL supported cpus:
[    0.000000]   Intel GenuineIntel
[    0.000000]   AMD AuthenticAMD
[    0.000000]   Centaur CentaurHauls
[    0.000000] x86/fpu: xstate_offset[2]:  576, xstate_sizes[2]:  256
[    0.000000] x86/fpu: Supporting XSAVE feature 0x01: 'x87 floating point registers'
[    0.000000] x86/fpu: Supporting XSAVE feature 0x02: 'SSE registers'
[    0.000000] x86/fpu: Supporting XSAVE feature 0x04: 'AVX registers'
[    0.000000] x86/fpu: Enabled xstatefetues 0x7, context size is 832 bytes, using 'standard' format.
[    0.000000] e820: BIOS-provided physical RAM map:
[    0.000000] BIOS-e820: [mem 0x0000000000000000-0x000000000009fbff] usable
[    0.000000] BIOS-e820: [mem 0x000000000009fc00-0x000000000009ffff] reserved
[    0.000000] BIOS-e820: [mem 0x00000000000f0000-0x00000000000fffff] reserved
[    0.000000] BIOS-e820: [mem 0x0000000000100000-0x00000000dffeffff] usable
[    0.000000] BIOS-e820: [mem 0x00000000dfff0000-0x00000000dfffffff] ACPI data
[    0.000000] BIOS-e820: [mem 0x00000000fec00000-0x00000000fec00fff] reserved
[    0.000000] BIOS-e820: [mem 0x00000000fee00000-0x00000000fee00fff] reserved
[    0.000000] BIOS-e820: [mem 0x00000000fffc0000-0x00000000ffffffff] reserved
[    0.000000] BIOS-e820: [mem 0x0000000100000000-0x000000011fffffff] usable
[    0.000000] NX (Execute Disable) protection: active
[    0.000000] SMBIOS 2.5 present.
[    0.000000] Hypervisor detected: KVM
[    0.000000] e820: last_pfn = 0x120000 max_arch_pfn = 0x400000000
[    0.000000] MTRR: Disabled
[    0.000000] x86/PAT: MTRRs disabled, skipping PAT initialization too.
[    0.000000] CPU MTRRs all blank - virtualized system.
[    0.000000] x86/PAT: Configuration [0-7]: WB  WT  UC- UC  WB  WT  UC- UC  
[    0.000000] e820: last_pfn = 0xdfff0 max_arch_pfn = 0x400000000
[    0.000000] found SMP MP-table at [mem 0x0009fff0-0x0009ffff] mapped at [ffff88000009fff0]
[    0.000000] Scanning 1 areas for low memory corruption
[    0.000000] RAMDISK: [mem 0x36308000-0x3717bfff]
[    0.000000] ACPI: Early table checksum verification disabled
[    0.000000] ACPI: RSDP 0x00000000000E0000 000024 (v02 VBOX  )
[    0.000000] ACPI: XSDT 0x00000000DFFF0030 00003C (v01 VBOX   VBOXXSDT 00000001 ASL  00000061)
[    0.000000] ACPI: FACP 0x00000000DFFF00F0 0000F4 (v04 VBOX   VBOXFACP 00000001 ASL  00000061)
[    0.000000] ACPI: DSDT 0x00000000DFFF0470 0021FF (v02 VBOX   VBOXBIOS 00000002 INTL 20160108)
[    0.000000] ACPI: FACS 0x00000000DFFF0200 000040
[    0.000000] ACPI: FACS 0x00000000DFFF0200 000040
[    0.000000] ACPI: APIC 0x00000000DFFF0240 00005C (v02 VBOX   VBOXAPIC 00000001 ASL  00000061)
[    0.000000] ACPI: SSDT 0x00000000DFFF02A0 0001CC (v01 VBOX   VBOXCPUT 00000002 INTL 20160108)
[    0.000000] No NUMA configuration found
[    0.000000] Faking a node at [mem 0x0000000000000000-0x000000011fffffff]
[    0.000000] NODE_DATA(0) allocated [mem 0x11fff7000-0x11fffbfff]
[    0.000000] kvm-clock: Using msrs 4b564d01 and 4b564d00
[    0.000000] kvm-clock: cpu 0, msr 1:1ffef001, primary cpu clock
[    0.000000] kvm-clock: using sched offset of 3187112649 cycles
[    0.000000] clocksource: kvm-clock: mask: 0xffffffffffffffff max_cycles: 0x1cd42e4dffb, max_idle_ns: 881590591483 ns
[    0.000000] Zone ranges:
[    0.000000]   DMA      [mem 0x0000000000001000-0x0000000000ffffff]
[    0.000000]   DMA32    [mem 0x0000000001000000-0x00000000ffffffff]
[    0.000000]   Normal   [mem 0x0000000100000000-0x000000011fffffff]
[    0.000000]   Device   empty
[    0.000000] Movable zone start for each node
[    0.000000] Early memory node ranges
[    0.000000]   node   0: [mem 0x0000000000001000-0x000000000009efff]
[    0.000000]   node   0: [mem 0x0000000000100000-0x00000000dffeffff]
[    0.000000]   node   0: [mem 0x0000000100000000-0x000000011fffffff]
[    0.000000] Initmem setup node 0 [mem 0x0000000000001000-0x000000011fffffff]
[    0.000000] ACPI: PM-Timer IO Port: 0x4008
[    0.000000] IOAPIC[0]: apic_id 2, version 32, address 0xfec00000, GSI 0-23
[    0.000000] ACPI: INT_SRC_OVR (bus 0 bus_irq 0 global_irq 2 dfl dfl)
[    0.000000] ACPI: INT_SRC_OVR (bus 0 bus_irq 9 global_irq 9 low level)
[    0.000000] Using ACPI (MADT) for SMP configuration information
[    0.000000] smpboot: Allowing 2 CPUs, 0 hotplug CPUs
[    0.000000] PM: Registered nosave memory: [mem 0x00000000-0x00000fff]
[    0.000000] PM: Registered nosave memory: [mem 0x0009f000-0x0009ffff]
[    0.000000] PM: Registered nosave memory: [mem 0x000a0000-0x000effff]
[    0.000000] PM: Registered nosave memory: [mem 0x000f0000-0x000fffff]
[    0.000000] PM: Registered nosave memory: [mem 0xdfff0000-0xdfffffff]
[    0.000000] PM: Registered nosave memory: [mem 0xe0000000-0xfebfffff]
[    0.000000] PM: Registered nosave memory: [mem 0xfec00000-0xfec00fff]
[    0.000000] PM: Registered nosave memory: [mem 0xfec01000-0xfedfffff]
[    0.000000] PM: Registered nosave memory: [mem 0xfee00000-0xfee00fff]
[    0.000000] PM: Registered nosave memory: [mem 0xfee01000-0xfffbffff]
[    0.000000] PM: Registered nosave memory: [mem 0xfffc0000-0xffffffff]
[    0.000000] e820: [mem 0xe0000000-0xfebfffff] available for PCI devices
[    0.000000] Booting paravirtualized kernel on KVM
[    0.000000] clocksource: refined-jiffies: mask: 0xffffffff max_cycles: 0xffffffff, max_idle_ns: 7645519600211568 ns
[    0.000000] setup_percpu: NR_CPUS:512 nr_cpumask_bits:512 nr_cpu_ids:2 nr_node_ids:1
[    0.000000] PERCPU: Embedded 34 pages/cpu @ffff88011fc00000 s99608 r8192 d31464 u1048576
[    0.000000] PV qspinlock hash table entries: 256 (order: 0, 4096 bytes)
[    0.000000] Built 1 zonelists in Node order, mobility grouping on.  Total pages: 1032056
[    0.000000] Policy zone: Normal
[    0.000000] Kernel command line: BOOT_IMAGE=/boot/vmlinuz-4.4.0-138-generic root=LABEL=cloudimg-rootfs ro console=tty1 console=ttyS0
[    0.000000] PID hash table entries: 4096 (order: 3, 32768 bytes)
[    0.000000] Memory: 4028216K/4193848K available (8563K kernel code, 1314K rwdata, 4004K rodata, 1528K init, 1316K bss, 165632K reserved, 0K cma-reserved)
[    0.000000] SLUB: HWalign=64, Order=0-3, MinObjects=0, CPUs=2, Nodes=1
[    0.000000] Kernel/User page tables isolation: enabled
[    0.000000] Hierarchical RCU implementation.
[    0.000000] 	Build-time adjustment of leaf fanout to 64.
[    0.000000] 	RCU restricting CPUs from NR_CPUS=512 to nr_cpu_ids=2.
[    0.000000] RCU: Adjusting geometry for rcu_fanout_leaf=64, nr_cpu_ids=2
[    0.000000] NR_IRQS:33024 nr_irqs:440 16
[    0.000000] Console: colour VGA+ 80x25
[    0.000000] console [tty1] enabled
[    0.000000] console [ttyS0] enabled
[    0.000000] tsc: Detected 2294.690 MHz processor
[    0.305452] Calibrating delay loop (skipped) preset value.. 4589.38 BogoMIPS (lpj=9178760)
[    0.307024] pid_max: default: 32768 minimum: 301
[    0.307880] ACPI: Core revision 20150930
[    0.309633] ACPI: 2 ACPI AML tables successfully acquired and loaded
[    0.310845] Security Framework initialized
[    0.311630] Yama: becoming mindful.
[    0.312368] AppArmor: AppArmor initialized
[    0.313870] Dentry cache hash table entries: 524288 (order: 10, 4194304 bytes)
[    0.316928] Inode-cache hash table entries: 262144 (order: 9, 2097152 bytes)
[    0.318433] Mount-cache hash table entries: 8192 (order: 4, 65536 bytes)
[    0.319567] Mountpoint-cache hash table entries: 8192 (order: 4, 65536 bytes)
[    0.321487] Initializing cgroup subsys io
[    0.322295] Initializing cgroup subsys memory
[    0.323110] Initializing cgroup subsys devices
[    0.323967] Initializing cgroup subsys freezer
[    0.324792] Initializing cgroup subsys net_cls
[    0.325625] Initializing cgroup subsys perf_event
[    0.326483] Initializing cgroup subsys net_prio
[    0.327321] Initializing cgroup subsys hugetlb
[    0.328159] Initializing cgroup subsys pids
[    0.329949] mce: CPU supports 0 MCE banks
[    0.330741] Last level iTLB entries: 4KB 64, 2MB 8, 4MB 8
[    0.331693] Last level dTLB entries: 4KB 64, 2MB 0, 4MB 0, 1GB 4
[    0.332741] Spectre V2 : Mitigation: Full generic retpoline
[    0.333711] Spectre V2 : Spectre v2 mitigation: Speculation control IBPB not-supported IBRS not-supported
[    0.335169] Spectre V2 : Spectre v2 / SpectreRSB mitigation: Filling RSB on context switch
[    0.336984] Speculative Store Bypass: Vulnerable
[    0.340259] Freeing SMP alternatives memory: 32K
[    0.348763] ftrace: allocating 32278 entries in 127 pages
[    0.399740] smpboot: APIC(0) Converting physical 0 to logical package 0
[    0.409117] smpboot: Max logical packages: 1
[    0.412879] x2apic enabled
[    0.413712] Switched APIC routing to physical x2apic.
[    0.415742] ..TIMER: vector=0x30 apic1=0 pin1=2 apic2=-1 pin2=-1
[    0.523985] smpboot: CPU0: Intel(R) Core(TM) i5-5300U CPU @ 2.30GHz (family: 0x6, model: 0x3d, stepping: 0x4)
[    0.546305] Performance Events: unsupported p6 CPU model 61 no PMU driver, software events only.
[    0.548610] KVM setup paravirtual spinlock
[    0.550571] x86: Booting SMP configuration:
[    0.551646] .... node  #0, CPUs:      #1
[    0.552735] kvm-clock: cpu 1, msr 1:1ffef041, secondary cpu clock
[    0.554608] mce: CPU supports 0 MCE banks
[    0.557195] x86: Booted up 1 node, 2 CPUs
[    0.558497] smpboot: Total of 2 processors activated (9178.76 BogoMIPS)
[    0.560471] devtmpfs: initialized
[    0.563492] evm: security.selinux
[    0.564415] evm: security.SMACK64
[    0.565329] evm: security.SMACK64EXEC
[    0.566295] evm: security.SMACK64TRANSMUTE
[    0.567338] evm: security.SMACK64MMAP
[    0.568320] evm: security.ima
[    0.569173] evm: security.capability
[    0.570324] clocksource: jiffies: mask: 0xffffffff max_cycles: 0xffffffff, max_idle_ns: 7645041785100000 ns
[    0.572641] futex hash table entries: 512 (order: 3, 32768 bytes)
[    0.574182] pinctrl core: initialized pinctrl subsystem
[    0.575556] RTC time: 11:20:44, date: 11/15/18
[    0.576879] NET: Registered protocol family 16
[    0.588141] cpuidle: using governor ladder
[    0.600241] cpuidle: using governor menu
[    0.608993] PCCT header not found.
[    0.609752] ACPI: bus type PCI registered
[    0.610521] acpiphp: ACPI Hot Plug PCI Controller Driver version: 0.5
[    0.611705] PCI: Using configuration type 1 for base access
[    0.625163] ACPI: Added _OSI(Module Device)
[    0.626060] ACPI: Added _OSI(Processor Device)
[    0.626880] ACPI: Added _OSI(3.0 _SCP Extensions)
[    0.627740] ACPI: Added _OSI(Processor Aggregator Device)
[    0.629429] ACPI: Executed 1 blocks of module-level executable AML code
[    0.632705] ACPI: Interpreter enabled
[    0.633444] ACPI: (supports S0 S5)
[    0.634135] ACPI: Using IOAPIC for interrupt routing
[    0.635178] PCI: Using host bridge windows from ACPI; if necessary, use "pci=nocrs" and report a bug
[    0.640300] ACPI: PCI Root Bridge [PCI0] (domain 0000 [bus 00-ff])
[    0.641366] acpi PNP0A03:00: _OSC: OS supports [ASPM ClockPM Segments MSI]
[    0.642523] acpi PNP0A03:00: _OSC: not requesting OS control; OS requires [ExtendedConfig ASPM ClockPM MSI]
[    0.644235] acpi PNP0A03:00: fail to add MMCONFIG information, can't access extended PCI configuration space under this bridge.
[    0.646430] PCI host bridge to bus 0000:00
[    0.656807] pci_bus 0000:00: root bus resource [io  0x0000-0x0cf7 window]
[    0.657932] pci_bus 0000:00: root bus resource [io  0x0d00-0xffff window]
[    0.659053] pci_bus 0000:00: root bus resource [mem 0x000a0000-0x000bffff window]
[    0.660491] pci_bus 0000:00: root bus resource [mem 0xe0000000-0xfdffffff window]
[    0.661901] pci_bus 0000:00: root bus resource [bus 00-ff]
[    0.664443] pci 0000:00:01.1: legacy IDE quirk: reg 0x10: [io  0x01f0-0x01f7]
[    0.665632] pci 0000:00:01.1: legacy IDE quirk: reg 0x14: [io  0x03f6]
[    0.666721] pci 0000:00:01.1: legacy IDE quirk: reg 0x18: [io  0x0170-0x0177]
[    0.667895] pci 0000:00:01.1: legacy IDE quirk: reg 0x1c: [io  0x0376]
[    0.743120] pci 0000:00:07.0: quirk: [io  0x4000-0x403f] claimed by PIIX4 ACPI
[    0.750509] pci 0000:00:07.0: quirk: [io  0x4100-0x410f] claimed by PIIX4 SMB
[    0.823613] ACPI: PCI Interrupt Link [LNKA] (IRQs 5 9 10 *11)
[    0.826370] ACPI: PCI Interrupt Link [LNKB] (IRQs 5 9 *10 11)
[    0.837769] ACPI: PCI Interrupt Link [LNKC] (IRQs 5 *9 10 11)
[    0.850573] ACPI: PCI Interrupt Link [LNKD] (IRQs 5 9 10 *11)
[    0.861112] ACPI: Enabled 2 GPEs in block 00 to 07
[    0.866677] vgaarb: setting as boot device: PCI:0000:00:02.0
[    0.867665] vgaarb: device added: PCI:0000:00:02.0,decodes=io+mem,owns=io+mem,locks=none
[    0.869164] vgaarb: loaded
[    0.869776] vgaarb: bridge control possible 0000:00:02.0
[    0.870950] SCSI subsystem initialized
[    0.871837] ACPI: bus type USB registered
[    0.872644] usbcore: registered new interface driver usbfs
[    0.873612] usbcore: registered new interface driver hub
[    0.874567] usbcore: registered new device driver usb
[    0.875719] PCI: Using ACPI for IRQ routing
[    0.876831] NetLabel: Initializing
[    0.877526] NetLabel:  domain hash size = 128
[    0.878340] NetLabel:  protocols = UNLABELED CIPSOv4
[    0.879241] NetLabel:  unlabeled traffic allowed by default
[    0.880358] amd_nb: Cannot enumerate AMD northbridges
[    0.881294] clocksource: Switched to clocksource kvm-clock
[    0.889910] AppArmor: AppArmor Filesystem Enabled
[    0.910314] pnp: PnP ACPI init
[    0.911715] pnp: PnP ACPI: found 3 devices
[    0.921968] clocksource: acpi_pm: mask: 0xffffff max_cycles: 0xffffff, max_idle_ns: 2085701024 ns
[    0.923627] NET: Registered protocol family 2
[    0.924637] TCP established hash table entries: 32768 (order: 6, 262144 bytes)
[    0.926094] TCP bind hash table entries: 32768 (order: 7, 524288 bytes)
[    0.927774] TCP: Hash tables configured (established 32768 bind 32768)
[    0.928896] UDP hash table entries: 2048 (order: 4, 65536 bytes)
[    0.929967] UDP-Lite hash table entries: 2048 (order: 4, 65536 bytes)
[    0.931100] NET: Registered protocol family 1
[    0.931938] pci 0000:00:00.0: Limiting direct PCI/PCI transfers
[    0.932972] pci 0000:00:01.0: Activating ISA DMA hang workarounds
[    0.934169] Unpacking initramfs...
[    1.142424] Freeing initrd memory: 14800K
[    1.143341] PCI-DMA: Using software bounce buffering for IO (SWIOTLB)
[    1.144546] software IO TLB [mem 0xdbff0000-0xdfff0000] (64MB) mapped at [ffff8800dbff0000-ffff8800dffeffff]
[    1.146612] RAPL PMU detected, API unit is 2^-32 Joules, 4 fixed counters 10737418240 ms ovfl timer
[    1.148392] hw unit of domain pp0-core 2^-0 Joules
[    1.149344] hw unit of domain package 2^-0 Joules
[    1.150386] hw unit of domain dram 2^-0 Joules
[    1.151355] hw unit of domain pp1-gpu 2^-0 Joules
[    1.152418] platform rtc_cmos: registered platform RTC device (no PNP device found)
[    1.154176] Scanning for low memory corruption every 60 seconds
[    1.156015] audit: initializing netlink subsys (disabled)
[    1.210073] audit: type=2000 audit(1542280849.247:1): initialized
[    1.213226] Initialise system trusted keyring
[    1.214274] HugeTLB registered 2 MB page size, pre-allocated 0 pages
[    1.216784] zbud: loaded
[    1.217757] VFS: Disk quotas dquot_6.6.0
[    1.218565] VFS: Dquot-cache hash table entries: 512 (order 0, 4096 bytes)
[    1.220006] squashfs: version 4.0 (2009/01/31) Phillip Lougher
[    1.221310] fuse init (API version 7.23)
[    1.222308] Key type big_key registered
[    1.223140] Allocating IMA MOK and blacklist keyrings.
[    1.241251] Key type asymmetric registered
[    1.242074] Asymmetric key parser 'x509' registered
[    1.243016] Block layer SCSI generic (bsg) driver version 0.4 loaded (major 249)
[    1.244519] io scheduler noop registered
[    1.245307] io scheduler deadline registered (default)
[    1.246289] io scheduler cfq registered
[    1.247154] pci_hotplug: PCI Hot Plug PCI Core version: 0.5
[    1.248166] pciehp: PCI Express Hot Plug Controller Driver version: 0.4
[    1.249429] ACPI: AC Adapter [AC] (on-line)
[    1.250299] input: Power Button as /devices/LNXSYSTM:00/LNXPWRBN:00/input/input0
[    1.251729] ACPI: Power Button [PWRF]
[    1.252528] input: Sleep Button as /devices/LNXSYSTM:00/LNXSLPBN:00/input/input1
[    1.253948] ACPI: Sleep Button [SLPF]
[    1.254884] GHES: HEST is not enabled!
[    1.255756] Serial: 8250/16550 driver, 32 ports, IRQ sharing enabled
[    1.278837] 00:02: ttyS0 at I/O 0x3f8 (irq = 4, base_baud = 115200) is a 16550A
[    1.288720] Linux agpgart interface v0.103
[    1.291121] loop: module loaded
[    1.292408] scsi host0: ata_piix
[    1.293244] scsi host1: ata_piix
[    1.293983] ata1: PATA max UDMA/33 cmd 0x1f0 ctl 0x3f6 bmdma 0xd000 irq 14
[    1.295127] ata2: PATA max UDMA/33 cmd 0x170 ctl 0x376 bmdma 0xd008 irq 15
[    1.296598] libphy: Fixed MDIO Bus: probed
[    1.297412] tun: Universal TUN/TAP device driver, 1.6
[    1.298344] tun: (C) 1999-2004 Max Krasnyansky <maxk@qualcomm.com>
[    1.299455] PPP generic driver version 2.4.2
[    1.300356] ehci_hcd: USB 2.0 'Enhanced' Host Controller (EHCI) Driver
[    1.301465] ehci-pci: EHCI PCI platform driver
[    1.302339] ehci-platform: EHCI generic platform driver
[    1.303280] ohci_hcd: USB 1.1 'Open' Host Controller (OHCI) Driver
[    1.304345] ohci-pci: OHCI PCI platform driver
[    1.305183] ohci-platform: OHCI generic platform driver
[    1.306152] uhci_hcd: USB Universal Host Controller Interface driver
[    1.307289] i8042: PNP: PS/2 Controller [PNP0303:PS2K,PNP0f03:PS2M] at 0x60,0x64 irq 1,12
[    1.309286] serio: i8042 KBD port at 0x60,0x64 irq 1
[    1.310208] serio: i8042 AUX port at 0x60,0x64 irq 12
[    1.311229] mousedev: PS/2 mouse device common for all mice
[    1.312682] input: AT Translated Set 2 keyboard as /devices/platform/i8042/serio0/input/input2
[    1.314369] rtc_cmos rtc_cmos: rtc core: registered rtc_cmos as rtc0
[    1.315599] rtc_cmos rtc_cmos: alarms up to one day, 114 bytes nvram
[    1.316688] i2c /dev entries driver
[    1.317452] device-mapper: uevent: version 1.0.3
[    1.318430] device-mapper: ioctl: 4.34.0-ioctl (2015-10-28) initialised: dm-devel@redhat.com
[    1.320030] ledtrig-cpu: registered to indicate activity on CPUs
[    1.321550] NET: Registered protocol family 10
[    1.322569] NET: Registered protocol family 17
[    1.323428] Key type dns_resolver registered
[    1.324691] registered taskstats version 1
[    1.325495] Loading compiled-in X.509 certificates
[    1.327031] Loaded X.509 cert 'Build time autogenerated kernel key: 9a104bc44b81e9426fe5c715e47d021d02d69eba'
[    1.328797] zswap: loaded using pool lzo/zbud
[    1.331583] Key type trusted registered
[    1.335742] Key type encrypted registered
[    1.336578] AppArmor: AppArmor sha1 policy hashing enabled
[    1.337613] ima: No TPM chip found, activating TPM-bypass!
[    1.338607] ima: Allocated hash algorithm: sha1
[    1.339509] evm: HMAC attrs: 0x1
[    1.340551]   Magic number: 10:594:327
[    1.341405] rtc_cmos rtc_cmos: setting system clock to 2018-11-15 11:20:45 UTC (1542280845)
[    1.343060] BIOS EDD facility v0.16 2004-Jun-25, 0 devices found
[    1.344101] EDD information not available.
[    1.450670] Freeing unused kernel memory: 1528K
[    1.480301] Write protecting the kernel read-only data: 14336k
[    1.481840] Freeing unused kernel memory: 1664K
[    1.482903] Freeing unused kernel memory: 92K
Loading, please wait...
starting version[    1.498697] random: systemd-udevd: uninitialized urandom read (16 bytes read, 3 bits of entropy available)
 229
[    1.499390] random: udevadm: uninitialized urandom read (16 bytes read, 3 bits of entropy available)
[    1.499433] random: udevadm: uninitialized urandom read (16 bytes read, 3 bits of entropy available)
[    1.504724] random: systemd-udevd: uninitialized urandom read (16 bytes read, 3 bits of entropy available)
[    1.506475] random: systemd-udevd: uninitialized urandom read (16 bytes read, 3 bits of entropy available)
[    1.508214] random: systemd-udevd: uninitialized urandom read (16 bytes read, 3 bits of entropy available)
[    1.509675] random: udevadm: uninitialized urandom read (16 bytes read, 3 bits of entropy available)
[    1.509720] random: udevadm: uninitialized urandom read (16 bytes read, 3 bits of entropy available)
[    1.509860] random: udevadm: uninitialized urandom read (16 bytes read, 3 bits of entropy available)
[    1.509910] random: udevadm: uninitialized urandom read (16 bytes read, 3 bits of entropy available)
[    1.555382] Fusion MPT base driver 3.04.20
[    1.556409] Copyright (c) 1999-2008 LSI Corporation
[    1.559984] e1000: Intel(R) PRO/1000 Network Driver - version 7.3.21-k8-NAPI
[    1.562879] e1000: Copyright (c) 1999-2006 Intel Corporation.
[    1.567533] Fusion MPT SPI Host driver 3.04.20
[    1.580810] AVX2 version of gcm_enc/dec engaged.
[    1.589828] AES CTR mode by8 optimization enabled
[    1.771819] input: ImExPS/2 Generic Explorer Mouse as /devices/platform/i8042/serio1/input/input4
[    1.921022] e1000 0000:00:03.0 eth0: (PCI:33MHz:32-bit) 02:d4:8a:2a:0f:ed
[    1.931388] e1000 0000:00:03.0 eth0: Intel(R) PRO/1000 Network Connection
[    1.933298] mptbase: ioc0: Initiating bringup
[    2.009767] ioc0: LSI53C1030 A0: Capabilities={Initiator}
[    2.149598] tsc: Refined TSC clocksource calibration: 2295.315 MHz
[    2.170557] clocksource: tsc: mask: 0xffffffffffffffff max_cycles: 0x2115eb449e0, max_idle_ns: 440795252182 ns
[    2.315296] scsi host2: ioc0: LSI53C1030 A0, FwRev=00000000h, Ports=1, MaxQ=256, IRQ=20
[    2.451211] scsi 2:0:0:0: Direct-Access     VBOX     HARDDISK         1.0  PQ: 0 ANSI: 5
[    2.452941] scsi target2:0:0: Beginning Domain Validation
[    2.455344] scsi target2:0:0: Domain Validation skipping write tests
[    2.456746] scsi target2:0:0: Ending Domain Validation
[    2.457885] scsi target2:0:0: asynchronous
[    2.459223] scsi 2:0:1:0: Direct-Access     VBOX     HARDDISK         1.0  PQ: 0 ANSI: 5
[    2.460966] scsi target2:0:1: Beginning Domain Validation
[    2.463186] scsi target2:0:1: Domain Validation skipping write tests
[    2.464543] scsi target2:0:1: Ending Domain Validation
[    2.465678] scsi target2:0:1: asynchronous
[    2.471496] sd 2:0:0:0: [sda] 20971520 512-byte logical blocks: (10.7 GB/10.0 GiB)
[    2.471694] sd 2:0:0:0: Attached scsi generic sg0 type 0
[    2.474068] sd 2:0:0:0: [sda] Write Protect is off
[    2.474464] sd 2:0:1:0: Attached scsi generic sg1 type 0
[    2.490185] sd 2:0:1:0: [sdb] 20480 512-byte logical blocks: (10.5 MB/10.0 MiB)
[    2.490272] sd 2:0:0:0: [sda] Incomplete mode parameter data
[    2.490273] sd 2:0:0:0: [sda] Assuming drive cache: write through
[    2.500898] sd 2:0:1:0: [sdb] Write Protect is off
[    2.502249] sd 2:0:1:0: [sdb] Incomplete mode parameter data
[    2.503488] sd 2:0:1:0: [sdb] Assuming drive cache: write through
[    2.506140]  sda: sda1
[    2.508455] sd 2:0:1:0: [sdb] Attached SCSI disk
[    2.511713] sd 2:0:0:0: [sda] Attached SCSI disk
[    2.824976] e1000 0000:00:08.0 eth1: (PCI:33MHz:32-bit) 08:00:27:50:6c:4e
[    2.826323] e1000 0000:00:08.0 eth1: Intel(R) PRO/1000 Network Connection
[    3.192982] e1000 0000:00:09.0 eth2: (PCI:33MHz:32-bit) 08:00:27:49:27:43
[    3.194319] e1000 0000:00:09.0 eth2: Intel(R) PRO/1000 Network Connection
[    3.196474] e1000 0000:00:03.0 enp0s3: renamed from eth0
[    3.205626] e1000 0000:00:08.0 enp0s8: renamed from eth1
[    3.217485] e1000 0000:00:09.0 enp0s9: renamed from eth2
Begin: Loading e[    4.537999] md: linear personality registered for level -1
ssential drivers ... [    4.546959] md: multipath personality registered for level -4
[    4.550943] md: raid0 personality registered for level 0
[    4.555134] md: raid1 personality registered for level 1
[    4.629730] raid6: sse2x1   gen()  9913 MB/s
[    4.699750] raid6: sse2x1   xor()  7158 MB/s
[    4.767682] raid6: sse2x2   gen() 11736 MB/s
[    4.839789] raid6: sse2x2   xor()  8174 MB/s
[    4.907675] raid6: sse2x4   gen() 13797 MB/s
[    4.975682] raid6: sse2x4   xor()  9538 MB/s
[    5.041708] raid6: avx2x1   gen() 17707 MB/s
[    5.109781] raid6: avx2x2   gen() 20871 MB/s
[    5.179778] raid6: avx2x4   gen() 24818 MB/s
[    5.180718] raid6: using algorithm avx2x4 gen() 24818 MB/s
[    5.181827] raid6: using avx2x2 recovery algorithm
[    5.184288] xor: automatically using best checksumming function:
[    5.225313]    avx       : 22465.000 MB/sec
[    5.227504] async_tx: api initialized (async)
[    5.235242] md: raid6 personality registered for level 6
[    5.236430] md: raid5 personality registered for level 5
[    5.237585] md: raid4 personality registered for level 4
[    5.244228] md: raid10 personality registered for level 10
done.
Begin: Running /scripts/init-premount ... done.
Begin: Mounting root file system ... Begin: Running /scripts/local-top ... done.
Begin: Running /scripts/local-premount ... [    5.277355] Btrfs loaded
Scanning for Btrfs filesystems
done.
Warning: fsck no[    5.308553] EXT4-fs (sda1): mounted filesystem with ordered data mode. Opts: (null)
t present, so skipping root file system
done.
Begin: Running /scripts/local-bottom ... done.
Begin: Running /scripts/init-bottom ... done.
[    5.434195] systemd[1]: systemd 229 running in system mode. (+PAM +AUDIT +SELINUX +IMA +APPARMOR +SMACK +SYSVINIT +UTMP +LIBCRYPTSETUP +GCRYPT +GNUTLS +ACL +XZ -LZ4 +SECCOMP +BLKID +ELFUTILS +KMOD -IDN)
[    5.437747] systemd[1]: Detected virtualization oracle.
[    5.438831] systemd[1]: Detected architecture x86-64.

Welcome to [1mUbuntu 16.04.5 LTS[0m!

[    5.446477] systemd[1]: Set hostname to <ubuntu>.
[    5.450423] systemd[1]: Initializing machine ID from random generator.
[    5.451752] systemd[1]: Installed transient /etc/machine-id file.
[    5.591087] systemd[1]: Listening on Syslog Socket.
[[0;32m  OK  [0m] Listening on Syslog Socket.
[    5.593613] systemd[1]: Created slice System Slice.
[[0;32m  OK  [0m] Created slice System Slice.
[    5.595715] systemd[1]: Listening on Journal Audit Socket.
[[0;32m  OK  [0m] Listening on Journal Audit Socket.
[    5.598010] systemd[1]: Listening on LVM2 metadata daemon socket.
[[0;32m  OK  [0m] Listening on LVM2 metadata daemon socket.
[    5.600554] systemd[1]: Created slice User and Session Slice.
[[0;32m  OK  [0m] Created slice User and Session Slice.
[    5.602780] systemd[1]: Reached target Swap.
[[0;32m  OK  [0m] Reached target Swap.
[    5.604681] systemd[1]: Listening on LVM2 poll daemon socket.
[[0;32m  OK  [0m] Listening on LVM2 poll daemon socket.
[    5.606943] systemd[1]: Listening on Device-mapper event daemon FIFOs.
[[0;32m  OK  [0m] Listening on Device-mapper event daemon FIFOs.
[    5.609335] systemd[1]: Reached target Slices.
[[0;32m  OK  [0m] Reached target Slices.
[    5.611271] systemd[1]: Listening on Journal Socket.
[[0;32m  OK  [0m] Listening on Journal Socket.
[    5.629550] systemd[1]: Starting Remount Root and Kernel File Systems...
         Starting Remount Root and Kernel File Systems...
[    5.636434] systemd[1]: Starting Monitoring of LVM2 mirrors, snapshots etc. using dmeventd or progress polling...
         Starting Monitoring of LVM2 mirrors... dmeventd or progress poll[    5.641761] EXT4-fs (sda1): re-mounted. Opts: (null)
ing...
[    5.644749] systemd[1]: Mounting Huge Pages File System...
         Mounting Huge Pages File System...
[    5.647957] systemd[1]: Mounting Debug File System...
         Mounting Debug File System...
[    5.651769] systemd[1]: Starting Create list of required static device nodes for the current kernel...
         Starting Create list of required st... nodes for the current kernel...
[    5.656528] systemd[1]: Listening on udev Control Socket.
[[0;32m  OK  [0m] Listening on udev Control Socket.
[    5.669595] systemd[1]: Reached target Encrypted Volumes.
[[0;32m  OK  [0m] Reached target Encrypted Volumes.
[    5.671980] systemd[1]: Reached target User and Group Name Lookups.
[[0;32m  OK  [0m] Reached target User and Group Name Lookups.
[    5.674357] systemd[1]: Started Forward Password Requests to Wall Directory Watch.
[[0;32m  OK  [0m] Started Forward Password Requests to Wall Directory Watch.
[    5.689517] systemd[1]: Starting Set console keymap...
         Starting Set console keymap...
[    5.692828] systemd[1]: Listening on /dev/initctl Compatibility Named Pipe.
[[0;32m  OK  [0m] Listening on /dev/initctl Compatibility Named Pipe.
[    5.710206] systemd[1]: Listening on udev Kernel Socket.
[[0;32m  OK  [0m] Listening on udev Kernel Socket.
[    5.712506] systemd[1]: Set up automount Arbitrary Executable File Formats File System Automount Point.
[[0;32m  OK  [0m] Set up automount Arbitrary Executab...ats File System Automount Point.
[    5.716992] systemd[1]: Starting Uncomplicated firewall...
         Starting Uncomplicated firewall...
[    5.719320] systemd[1]: Started Trigger resolvconf update for networkd DNS.
[[0;32m  OK  [0m] Started Trigger resolvconf update for networkd DNS.
[    5.723718] systemd[1]: Listening on Journal Socket (/dev/log).
[[0;32m  OK  [0m] Listening on Journal Socket (/dev/log).
[    5.726716] systemd[1]: Starting Journal Service...
         Starting Journal Service...
[    5.729161] systemd[1]: Mounting POSIX Message Queue File System...
         Mounting POSIX Message Queue File System...
[    5.744286] systemd[1]: Reached target System Time Synchronized.
[[0;32m  OK  [0m] Reached target System Time Synchronized.
[    5.747379] systemd[1]: Created slice system-serial\x2dgetty.slice.
[[0;32m  OK  [0m] Created slice system-serial\x2dgetty.slice.
[    5.750871] systemd[1]: Starting Nameserver information manager...
         Starting Nameserver information manager...
[    5.755935] systemd[1]: Starting Load Kernel Modules...
         Starting Load Kernel Modules...
[    5.765619] systemd[1]: Mounted Debug File System.
[[0;32m  OK  [0m] Mounted Debug File System.
[    5.773363] systemd[1]: Mounted POSIX Message Queue File System.
[    5.774877] Loading iSCSI transport class v2.0-870.
[[0;32m  OK  [0m] Mounted POSIX Message Queue File System.
[    5.778398] systemd[1]: Mounted Huge Pages File System.
[[0;32m  OK  [0m] Mounted Huge Pages File System.
[    5.781090] systemd[1]: Started Journal Service.
[[0;32m  OK  [0m] Started Journal Service.
[    5.784091] iscsi: registered transport (tcp)
[[0;32m  OK  [0m] Started Remount Root and Kernel File Systems.
[[0;32m  OK  [0m] Started Create list of required sta...ce nodes for the current kernel.
[[0;32m  OK  [0m] Started Set console keymap.
[[0;32m  OK  [0m] Started Uncomplicated firewall.
[    5.812078] iscsi: registered transport (iser)
[[0;32m  OK  [0m] Started Load Kernel Modules.
[[0;32m  OK  [0m] Started Nameserver information manager.
         Mounting FUSE Control File System...
         Starting Apply Kernel Variables...
[[0;32m  OK  [0m] Started LVM2 metadata daemon.
         Starting Create Static Device Nodes in /dev...
         Starting udev Coldplug all Devices...
         Starting Load/Save Random Seed...
         Starting Flush Journal to Persistent Storage...
[[0;32m  OK  [0m] Mounted FUSE Control File System.
[[0;32m  OK  [0m] Started Apply Kernel Variables.
[[0;32m  OK  [0m] Started Create Static Device Nodes in /dev.
[[0;32m  OK  [0m] Started Load/Save Random Seed.
[[0;32m  OK  [0m] Started udev Coldplug all Devices.
[[0;32m  OK  [0m] Started Flush Journal to Persistent Storage.
         Starting udev Kernel Device Manager...
[[0;32m  OK  [0m] Started udev Kernel Device Manager.
[[0;32m  OK  [0m] Started Dispatch Password Requests to Console Directory Watch.
[[0;32m  OK  [0m] Found device /dev/ttyS0.
[[0;32m  OK  [0m] Listening on Load/Save RF Kill Switch Status /dev/rfkill Watch.
[[0;32m  OK  [0m] Started Monitoring of LVM2 mirrors,...ng dmeventd or progress polling.
[[0;32m  OK  [0m] Reached target Local File Systems (Pre).
[[0;32m  OK  [0m] Reached target Local File Systems.
         Starting Commit a transient machine-id on disk...
         Starting Create Volatile Files and Directories...
         Starting Tell Plymouth To Write Out Runtime Data...
         Starting Set console font and keymap...
         Starting LSB: AppArmor initialization...
         Starting Initial cloud-init job (pre-networking)...
[[0;32m  OK  [0m] Started Tell Plymouth To Write Out Runtime Data.
[[0;32m  OK  [0m] Started Commit a transient machine-id on disk.
[[0;32m  OK  [0m] Started Create Volatile Files and Directories.
         Starting Update UTMP about System Boot/Shutdown...
[[0;32m  OK  [0m] Started Update UTMP about System Boot/Shutdown.
[[0;32m  OK  [0m] Started Set console font and keymap.
[[0;32m  OK  [0m] Created slice system-getty.slice.
[[0;32m  OK  [0m] Started LSB: AppArmor initialization.
[    7.165351] cloud-init[622]: Cloud-init v. 18.4-0ubuntu1~16.04.2 running 'init-local' at Thu, 15 Nov 2018 11:20:51 +0000. Up 6.82 seconds.
[[0;32m  OK  [0m] Started Initial cloud-init job (pre-networking).
[[0;32m  OK  [0m] Reached target Network (Pre).
         Starting Raise network interfaces...
[[0;32m  OK  [0m] Started Raise network interfaces.
         Starting Initial cloud-init job (metadata service crawler)...
[[0;32m  OK  [0m] Reached target Network.
[    8.386568] cloud-init[952]: Cloud-init v. 18.4-0ubuntu1~16.04.2 running 'init' at Thu, 15 Nov 2018 11:20:52 +0000. Up 7.76 seconds.
[    8.388462] cloud-init[952]: ci-info: ++++++++++++++++++++++++++++++++++++++Net device info++++++++++++++++++++++++++++++++++++++
[    8.390156] cloud-init[952]: ci-info: +--------+-------+---------------------------+---------------+--------+-------------------+
[    8.393795] cloud-init[952]: ci-info: | Device |   Up  |          Address          |      Mask     | Scope  |     Hw-Address    |
[    8.395896] cloud-init[952]: ci-info: +--------+-------+---------------------------+---------------+--------+-------------------+
[    8.398055] cloud-init[952]: ci-info: | enp0s3 |  True |         10.0.2.15         | 255.255.255.0 | global | 02:d4:8a:2a:0f:ed |
[    8.400154] cloud-init[952]: ci-info: | enp0s3 |  True | fe80::d4:8aff:fe2a:fed/64 |       .       |  link  | 02:d4:8a:2a:0f:ed |
[    8.402263] cloud-init[952]: ci-info: | enp0s8 | False |             .             |       .       |   .    | 08:00:27:50:6c:4e |
[    8.404376] cloud-init[952]: ci-info: | enp0s9 | False |             .             |       .       |   .    | 08:00:27:49:27:43 |
[    8.406414] cloud-init[952]: ci-info: |   lo   |  True |         127.0.0.1         |   255.0.0.0   |  host  |         .         |
[    8.408473] cloud-init[952]: ci-info: |   lo   |  True |          ::1/128          |       .       |  host  |         .         |
[    8.410519] cloud-init[952]: ci-info: +--------+-------+---------------------------+---------------+--------+-------------------+
[    8.412582] cloud-init[952]: ci-info: +++++++++++++++++++++++++++Route IPv4 info++++++++++++++++++++++++++++
[    8.414371] cloud-init[952]: ci-info: +-------+-------------+----------+---------------+-----------+-------+
[    8.416859] cloud-init[952]: ci-info: | Route | Destination | Gateway  |    Genmask    | Interface | Flags |
[    8.418681] cloud-init[952]: ci-info: +-------+-------------+----------+---------------+-----------+-------+
[    8.420489] cloud-init[952]: ci-info: |   0   |   0.0.0.0   | 10.0.2.2 |    0.0.0.0    |   enp0s3  |   UG  |
[    8.422292] cloud-init[952]: ci-info: |   1   |   10.0.2.0  | 0.0.0.0  | 255.255.255.0 |   enp0s3  |   U   |
[    8.424112] cloud-init[952]: ci-info: +-------+-------------+----------+---------------+-----------+-------+
[    8.428469] cloud-init[952]: ci-info: +++++++++++++++++++Route IPv6 info+++++++++++++++++++
[    8.430182] cloud-init[952]: ci-info: +-------+-------------+---------+-----------+-------+
[    8.431835] cloud-init[952]: ci-info: | Route | Destination | Gateway | Interface | Flags |
[    8.433469] cloud-init[952]: ci-info: +-------+-------------+---------+-----------+-------+
[    8.435085] cloud-init[952]: ci-info: |   0   |  fe80::/64  |    ::   |   enp0s3  |   U   |
[    8.436681] cloud-init[952]: ci-info: |   3   |   ff00::/8  |    ::   |   enp0s3  |   U   |
[    8.438253] cloud-init[952]: ci-info: +-------+-------------+---------+-----------+-------+
[    8.439838] cloud-init[952]: Generating public/private rsa key pair.
[    8.441203] cloud-init[952]: Your identification has been saved in /etc/ssh/ssh_host_rsa_key.
[    8.444424] cloud-init[952]: Your public key has been saved in /etc/ssh/ssh_host_rsa_key.pub.
[    8.446114] cloud-init[952]: The key fingerprint is:
[    8.447293] cloud-init[952]: SHA256:0ObGkrdBjwndgXwz08SANeeij19ogH+9L8/51CzVuAY root@ubuntu-xenial
[    8.448982] cloud-init[952]: The key's randomart image is:
[    8.452418] cloud-init[952]: +---[RSA 2048]----+
[    8.453606] cloud-init[952]: |       . +==o    |
[    8.454746] cloud-init[952]: |       o+.==o    |
[    8.455869] cloud-init[952]: |      o =.o+.    |
[    8.457026] cloud-init[952]: |       X = .   ..|
[    8.458148] cloud-init[952]: |      + S . E . o|
[    8.459267] cloud-init[952]: |       = * o . +.|
[    8.460380] cloud-init[952]: |        + = o + +|
[    8.464475] cloud-init[952]: |         + ..+ + |
[    8.465702] cloud-init[952]: |          . .+=..|
[    8.466845] cloud-init[952]: +----[SHA256]-----+
[    8.467965] cloud-init[952]: Generating public/private dsa key pair.
[    8.469362] cloud-init[952]: Your identification has been saved in /etc/ssh/ssh_host_dsa_key.
[    8.471003] cloud-init[952]: Your public key has been saved in /etc/ssh/ssh_host_dsa_key.pub.
[    8.472643] cloud-init[952]: The key fingerprint is:
[    8.473846] cloud-init[952]: SHA256:pbiHqS9mAmDQqt8LWG/nu72Ih70rf+83GFCSBSopa4E root@ubuntu-xenial
[    8.475609] cloud-init[952]: The key's randomart image is:
[    8.476867] cloud-init[952]: +---[DSA 1024]----+
[    8.478007] cloud-init[952]: | .      .+.      |
[    8.479147] cloud-init[952]: |...  . .o .      |
[    8.480312] cloud-init[952]: |E.o o .  o.      |
[    8.481488] cloud-init[952]: |o. + . ..o       |
[    8.482652] cloud-init[952]: |+ +   . S.       |
[    8.483793] cloud-init[952]: |o+ .   +  .      |
[    8.485018] cloud-init[952]: |.o..oo= .  o     |
[    8.486177] cloud-init[952]: |  ooB=o+. . o    |
[    8.487355] cloud-init[952]: |   ++BX*o+o. .   |
[    8.488520] cloud-init[952]: +----[SHA256]-----+
[    8.489666] cloud-init[952]: Generating public/private ecdsa key pair.
[    8.491083] cloud-init[952]: Your identification has been saved in /etc/ssh/ssh_host_ecdsa_key.
[    8.492757] cloud-init[952]: Your public key has been saved in /etc/ssh/ssh_host_ecdsa_key.pub.
[    8.494458] cloud-init[952]: The key fingerprint is:
[    8.495644] cloud-init[952]: SHA256:Zmui1ClIR9Q6XoQphNAW7HGArFgbPWTiLPBE3XPx+ZE root@ubuntu-xenial
[    8.497398] cloud-init[952]: The key's randomart image is:
[    8.498640] cloud-init[952]: +---[ECDSA 256]---+
[    8.499770] cloud-init[952]: |=BB*+=  ..       |
[    8.500931] cloud-init[952]: |+*O+B = .. . .   |
[    8.502021] cloud-init[952]: |+++*.+ o  o E    |
[[    8.503086] cloud-init[952]: |o.o.o .    . .   |
[    8.503695] cloud-init[952]: |  ...o  S   .    |
[    8.503831] cloud-init[952]: | . o.. + .       |
[    8.504001] cloud-init[952]: |  . o + o        |
[    8.504367] cloud-init[952]: |   . o o         |
[    8.504533] cloud-init[952]: |    .            |
[    8.504713] cloud-init[952]: +----[SHA256]-----+
[    8.504883] cloud-init[952]: Generating public/private ed25519 key pair.
[    8.505059] cloud-init[952]: Your identification has been saved in /etc/ssh/ssh_host_ed25519_key.
[    8.505233] cloud-init[952]: Your public key has been saved in /etc/ssh/ssh_host_ed25519_key.pub.
[    8.505405] cloud-init[952]: The key fingerprint is:
[    8.505578] cloud-init[952]: SHA256:HjLL6wKssN6TsoO+Xar0h8o3oHbAwfH7inFCfFYtq1U root@ubuntu-xenial
[    8.505752] cloud-init[952]: The key's randomart image is:
[    8.505938] cloud-init[952]: +--[ED25519 256]--+
[    8.506100] cloud-init[952]: |                 |
[    8.506272] cloud-init[952]: | .    .          |
[    8.506450] cloud-init[952]: |. o  o E         |
[    8.506651] cloud-init[952]: |.o .. +          |
[    8.506807] cloud-init[952]: |.+.o.oo S        |
[    8.506978] cloud-init[952]: |o+=.o. = .       |
[    8.507152] cloud-init[952]: |+*o++.o .        |
[    8.507326] cloud-init[952]: |B+OB+o .         |
[    8.507501] cloud-init[952]: |+XX*=oo          |
[    8.507674] cloud-init[952]: +----[SHA256]-----+
[0;32m  OK  [0m] Started Initial cloud-init job (metadata service crawler).
[[0;32m  OK  [0m] Reached target Cloud-config availability.
[[0;32m  OK  [0m] Reached target Network is Online.
         Starting iSCSI initiator daemon (iscsid)...
[[0;32m  OK  [0m] Reached target System Initialization.
[[0;32m  OK  [0m] Listening on ACPID Listen Socket.
[[0;32m  OK  [0m] Started Daily apt download activities.
[[0;32m  OK  [0m] Started Daily apt upgrade and clean activities.
[[0;32m  OK  [0m] Started ACPI Events Check.
[[0;32m  OK  [0m] Reached target Paths.
         Starting LXD - unix socket.
[[0;32m  OK  [0m] Started Daily Cleanup of Temporary Directories.
[[0;32m  OK  [0m] Reached target Timers.
[[0;32m  OK  [0m] Listening on UUID daemon activation socket.
[[0;32m  OK  [0m] Listening on D-Bus System Message Bus Socket.
         Starting Socket activation for snappy daemon.
[[0;32m  OK  [0m] Listening on LXD - unix socket.
[[0;32m  OK  [0m] Listening on Socket activation for snappy daemon.
[[0;32m  OK  [0m] Reached target Sockets.
[[0;32m  OK  [0m] Reached target Basic System.
[[0;32m  OK  [0m] Started ACPI event daemon.
[[0;32m  OK  [0m] Started Deferred execution scheduler.
         Starting Pollinate to seed the pseudo random number generator...
         Starting Virtualbox guest utils...
[[0;32m  OK  [0m] Started D-Bus System Message Bus.
         Starting /etc/rc.local Compatibility...
[[0;32m  OK  [0m] Started FUSE filesystem for LXC.
         Starting System Logging Service...
[[0;32m  OK  [0m] Started Regular background program processing daemon.
[[0;32m  OK  [0m] Started Unattended Upgrades Shutdown.
         Starting LSB: Record successful boot for GRUB...
         Starting Snappy daemon...
         Starting Accounts Service...
         Starting LSB: MD monitoring daemon...
         Starting Login Service...
         Starting LXD - container startup/shutdown...
[[0;32m  OK  [0m] Started System Logging Service.
[[0;32m  OK  [0m] Started iSCSI initiator daemon (iscsid).
[[0;32m  OK  [0m] Started /etc/rc.local Compatibility.
         Starting Login to default iSCSI targets...
[[0;32m  OK  [0m] Started Login Service.
         Starting Authenticate and Authorize Users to Run Privileged Tasks...
[[0;32m  OK  [0m] Started LSB: Record successful boot for GRUB.
[[0;32m  OK  [0m] Started LSB: MD monitoring daemon.
[[0;32m  OK  [0m] Started Login to default iSCSI targets.
[[0;32m  OK  [0m] Reached target Remote File Systems (Pre).
[[0;32m  OK  [0m] Reached target Remote File Systems.
         Starting LSB: Set the CPU Frequency Scaling governor to "ondemand"...
         Starting LSB: daemon to balance interrupts for SMP systems...
         Starting LSB: automatic crash report generation...
         Starting Permit User Sessions...
[[0;32m  OK  [0m] Started Virtualbox guest utils.
[[0;32m  OK  [0m] Started Permit User Sessions.
[[0;32m  OK  [0m] Started Authenticate and Authorize Users to Run Privileged Tasks.
[[0;32m  OK  [0m] Started Accounts Service.
         Starting Hold until boot process finishes up...
         Starting Terminate Plymouth Boot Screen...
[[0;32m  OK  [0m] Started LXD - container startup/shutdown.
[[0;32m  OK  [0m] Started LSB: Set the CPU Frequency Scaling governor to "ondemand".
[[0;32m  OK  [0m] Started LSB: automatic crash report generation.
[[0;32m  OK  [0m] Started Hold until boot process finishes up.
[[0;32m  OK  [0m] Started Terminate Plymouth Boot Screen.
[[0;32m  OK  [0m] Started LSB: daemon to balance interrupts for SMP systems.
[[0;32m  OK  [0m] Started Getty on tty1.
[[0;32m  OK  [0m] Started Serial Getty on ttyS0.
[[0;32m  OK  [0m] Reached target Login Prompts.
         Starting Set console scheme...
[[0;32m  OK  [0m] Started Set console scheme.
[[0;32m  OK  [0m] Started Snappy daemon.
         Starting Wait until snapd is fully seeded...
[[0;32m  OK  [0m] Started Pollinate to seed the pseudo random number generator.
         Starting OpenBSD Secure Shell server...
[[0;32m  OK  [0m] Started Wait until snapd is fully seeded.
         Starting Apply the settings specified in cloud-config...
[[0;32m  OK  [0m] Started OpenBSD Secure Shell server.
[[0;32m  OK  [0m] Reached target Multi-User System.
[[0;32m  OK  [0m] Reached target Graphical Interface.
         Starting Update UTMP about System Runlevel Changes...
[[0;32m  OK  [0m] Started Update UTMP about System Runlevel Changes.
[   10.946374] cloud-init[1270]: Generating locales (this might take a while)...
[   11.648800] cloud-init[1270]:   en_US.UTF-8... done
[   11.657842] cloud-init[1270]: Generation complete.
[   11.998137] cloud-init[1270]: Cloud-init v. 18.4-0ubuntu1~16.04.2 running 'modules:config' at Thu, 15 Nov 2018 11:20:55 +0000. Up 10.85 seconds.
[[0;32m  OK  [0m] Started Apply the settings specified in cloud-config.
         Starting Execute cloud user/final scripts...
[[0;32m  OK  [0m] Created slice User Slice of vagrant.
         Starting User Manager for UID 1000...
[[0;32m  OK  [0m] Started Session 1 of user vagrant.
[[0;32m  OK  [0m] Started User Manager for UID 1000.
ci-info: no authorized ssh keys fingerprints found for user ubuntu.
<14>Nov 15 11:20:57 ec2: 
<14>Nov 15 11:20:57 ec2: #############################################################
<14>Nov 15 11:20:57 ec2: -----BEGIN SSH HOST KEY FINGERPRINTS-----
<14>Nov 15 11:20:57 ec2: 1024 SHA256:pbiHqS9mAmDQqt8LWG/nu72Ih70rf+83GFCSBSopa4E root@ubuntu-xenial (DSA)
<14>Nov 15 11:20:57 ec2: 256 SHA256:Zmui1ClIR9Q6XoQphNAW7HGArFgbPWTiLPBE3XPx+ZE root@ubuntu-xenial (ECDSA)
<14>Nov 15 11:20:57 ec2: 256 SHA256:HjLL6wKssN6TsoO+Xar0h8o3oHbAwfH7inFCfFYtq1U root@ubuntu-xenial (ED25519)
<14>Nov 15 11:20:57 ec2: 2048 SHA256:0ObGkrdBjwndgXwz08SANeeij19ogH+9L8/51CzVuAY root@ubuntu-xenial (RSA)
<14>Nov 15 11:20:57 ec2: -----END SSH HOST KEY FINGERPRINTS-----
<14>Nov 15 11:20:57 ec2: #############################################################
-----BEGIN SSH HOST KEY KEYS-----
ecdsa-sha2-nistp256 AAAAE2VjZHNhLXNoYTItbmlzdHAyNTYAAAAIbmlzdHAyNTYAAABBBF8Th35AUIESM/iHnI3joqBKFnFGTky06EsMsALg6p+Wf0c/D9VZID5jbHZvm5Xt3Zp8OGF2/O2xuiKApMgaVLA= root@ubuntu-xenial
ssh-ed25519 AAAAC3NzaC1lZDI1NTE5AAAAIKxNqjZLW8z9VKqBiI5VOhysnSpk/PD4hVaQ0myeogJJ root@ubuntu-xenial
ssh-rsa AAAAB3NzaC1yc2EAAAADAQABAAABAQClzcuJNoxfVJZhCbElIIxiJEx+2FKi9jl9YP05HCbCMoaCQNm9btHMLc1rv/9hc9ilSLMsi2rCqsKs6p2TYGj32DPH3LNyV+Kn70Q5vOguNcnQc3PccAr4TxqEN+GGOQDWCcsOxYvwg0ktRJS44eYCXmjN2UfahRYXIfJzdDCFtjPKFXNZQ3mHHaXo1eZ0y+nTQ84ugRFn0KkYA9N+H/TzQM6nwdeNz6vOlaA6EWUllDxM6gylrImZ8CclnJlU9AGsvkrnmvxKaE1Qsl9kSvqH3haFBF+MVZFsI3y5xs1Q/5tUthk7AS/WAoRRFi0tE1YpUO3ut4PdsoSGM9610+MR root@ubuntu-xenial
-----END SSH HOST KEY KEYS-----
[   12.668651] cloud-init[1318]: Cloud-init v. 18.4-0ubuntu1~16.04.2 running 'modules:final' at Thu, 15 Nov 2018 11:20:57 +0000. Up 12.41 seconds.
[   12.671724] cloud-init[1318]: ci-info: no authorized ssh keys fingerprints found for user ubuntu.
[   12.676424] cloud-init[1318]: Cloud-init v. 18.4-0ubuntu1~16.04.2 finished at Thu, 15 Nov 2018 11:20:57 +0000. Datasource DataSourceNoCloud [seed=/dev/sdb][dsmode=net].  Up 12.65 seconds
[[0;32m  OK  [0m] Started Execute cloud user/final scripts.
[[0;32m  OK  [0m] Reached target Cloud-init target.

Ubuntu 16.04.5 LTS ubuntu-xenial ttyS0

ubuntu-xenial login: [  996.328887] Out of memory: Kill process 25653 (mysqld) score 104 or sacrifice child
[  996.339077] Killed process 25653 (mysqld) total-vm:3534296kB, anon-rss:422312kB, file-rss:0kB
[ 1159.021373] Out of memory: Kill process 7520 (mysqld) score 70 or sacrifice child
[ 1159.042731] Killed process 7520 (mysqld) total-vm:3504548kB, anon-rss:285284kB, file-rss:0kB
[ 2410.995785] Out of memory: Kill process 9846 (mysqld) score 71 or sacrifice child
[ 2410.997066] Killed process 9846 (mysqld) total-vm:3503352kB, anon-rss:286304kB, file-rss:0kB
[ 2451.912314] Out of memory: Kill process 32581 (nova-api) score 33 or sacrifice child
[ 2451.913656] Killed process 32581 (nova-api) total-vm:368416kB, anon-rss:131484kB, file-rss:1544kB
[ 2538.694080] Out of memory: Kill process 32582 (nova-api) score 32 or sacrifice child
[ 2538.695483] Killed process 32582 (nova-api) total-vm:365648kB, anon-rss:128600kB, file-rss:1996kB
[ 2823.851082] Out of memory: Kill process 13683 (nova-api) score 32 or sacrifice child
[ 2823.867476] Killed process 13683 (nova-api) total-vm:365288kB, anon-rss:128212kB, file-rss:1168kB
[ 2826.677981] Out of memory: Kill process 32580 (nova-api) score 32 or sacrifice child
[ 2826.679619] Killed process 32580 (nova-api) total-vm:365184kB, anon-rss:127992kB, file-rss:1028kB
[ 2827.284504] Out of memory: Kill process 13684 (nova-api) score 32 or sacrifice child
[ 2827.288365] Killed process 13684 (nova-api) total-vm:366200kB, anon-rss:129000kB, file-rss:1676kB
[ 2828.324148] Out of memory: Kill process 32583 (nova-api) score 32 or sacrifice child
[ 2828.326324] Killed process 32583 (nova-api) total-vm:365648kB, anon-rss:128556kB, file-rss:2124kB
[ 2830.317114] Out of memory: Kill process 13686 (nova-api) score 32 or sacrifice child
[ 2830.320349] Killed process 13686 (nova-api) total-vm:365544kB, anon-rss:128444kB, file-rss:1568kB
[ 2831.205557] Out of memory: Kill process 3473 (neutron-server) score 31 or sacrifice child
[ 2831.209262] Killed process 3473 (neutron-server) total-vm:369908kB, anon-rss:126356kB, file-rss:1328kB
